2025-12-03 11:03:38, MOVE, v:1, k:poo@contato, mode:PICK
2025-12-03 11:04:00, MOVE, v:1, k:poo@contato, mode:BACK
2025-12-03 11:04:36, MOVE, v:1, k:poo@contato, mode:PICK
2025-12-03 11:12:34, EXEC, v:1, k:poo@contato, mode:LOCK, rate:100, size:10
2025-12-03 11:12:37, EXEC, v:1, k:poo@contato, mode:LOCK, rate:100
2025-12-03 11:12:38, MOVE, v:1, k:poo@contato, mode:BACK
2025-12-03 11:12:51, MOVE, v:1, k:poo@contato, mode:PICK
2025-12-03 11:12:52, EXEC, v:1, k:poo@contato, mode:LOCK, rate:100
2025-12-03 11:15:08, EXEC, v:1, k:poo@contato, mode:LOCK, rate:100, size:17
2025-12-03 11:15:09, EXEC, v:1, k:poo@contato, mode:LOCK, rate:100
2025-12-03 11:15:10, MOVE, v:1, k:poo@contato, mode:BACK
2025-12-03 11:15:12, MOVE, v:1, k:poo@contato, mode:PICK
2025-12-03 11:15:15, EXEC, v:1, k:poo@contato, mode:LOCK, rate:100
2025-12-03 11:18:44, EXEC, v:1, k:poo@contato, mode:LOCK, rate:100
2025-12-03 11:18:44, MOVE, v:1, k:poo@contato, mode:BACK
2025-12-03 11:18:46, MOVE, v:1, k:poo@contato, mode:PICK
2025-12-03 11:18:48, EXEC, v:1, k:poo@contato, mode:LOCK, rate:100
2025-12-03 11:27:19, EXEC, v:1, k:poo@contato, mode:LOCK, rate:100, size:45
2025-12-03 11:27:20, MOVE, v:1, k:poo@contato, mode:BACK
2025-12-03 11:27:23, MOVE, v:1, k:poo@contato, mode:PICK
2025-12-03 11:32:15, EXEC, v:1, k:poo@contato, mode:LOCK, rate:100, size:65
2025-12-03 11:32:16, EXEC, v:1, k:poo@contato, mode:LOCK, rate:100
2025-12-03 11:32:20, MOVE, v:1, k:poo@contato, mode:BACK
2025-12-03 11:32:26, MOVE, v:1, k:poo@contato, mode:PICK
2025-12-03 11:36:30, EXEC, v:1, k:poo@contato, mode:LOCK, rate:100, size:54
2025-12-03 11:51:39, EXEC, v:1, k:poo@contato, mode:LOCK, rate:100, size:53
2025-12-03 11:51:41, MOVE, v:1, k:poo@contato, mode:BACK
2025-12-03 11:51:43, MOVE, v:1, k:poo@contato, mode:PICK
2025-12-03 11:51:44, EXEC, v:1, k:poo@contato, mode:LOCK, rate:100
2025-12-03 11:51:46, EXEC, v:1, k:poo@contato, mode:LOCK, rate:100
2025-12-03 12:01:23, EXEC, v:1, k:poo@contato, mode:LOCK, rate:100
2025-12-03 12:01:25, MOVE, v:1, k:poo@contato, mode:BACK
2025-12-03 12:01:27, MOVE, v:1, k:poo@contato, mode:PICK
2025-12-03 12:05:18, EXEC, v:1, k:poo@contato, mode:LOCK, rate:100
2025-12-03 12:05:19, EXEC, v:1, k:poo@contato, mode:LOCK, rate:100
2025-12-03 12:05:21, MOVE, v:1, k:poo@contato, mode:BACK
2025-12-03 12:05:22, MOVE, v:1, k:poo@contato, mode:PICK
2025-12-03 12:05:23, EXEC, v:1, k:poo@contato, mode:LOCK, rate:100
2025-12-03 12:52:00, EXEC, v:1, k:poo@contato, mode:LOCK, rate:0, size:82
2025-12-03 12:52:44, EXEC, v:1, k:poo@contato, mode:LOCK, rate:0, size:81
2025-12-03 12:53:11, MOVE, v:1, k:poo@contato, mode:BACK
2025-12-03 13:34:11, MOVE, v:1, k:poo@agenda, mode:DOWN
2025-12-03 13:34:13, MOVE, v:1, k:poo@agenda, mode:PICK
2025-12-03 13:34:21, EXEC, v:1, k:poo@agenda, mode:FULL, rate:0, size:0
2025-12-03 13:34:59, EXEC, v:1, k:poo@agenda, mode:FULL, rate:0
2025-12-03 13:35:11, EXEC, v:1, k:poo@agenda, mode:FULL, rate:0, size:76
2025-12-03 13:54:11, EXEC, v:1, k:poo@agenda, mode:FULL, rate:0
2025-12-03 13:54:40, MOVE, v:1, k:poo@agenda, mode:BACK
2025-12-03 13:54:45, MOVE, v:1, k:poo@agenda, mode:PICK
2025-12-03 13:54:49, EXEC, v:1, k:poo@agenda, mode:FULL, rate:0
2025-12-03 14:29:30, MOVE, v:1, k:poo@agenda, mode:PICK
2025-12-03 14:29:31, EXEC, v:1, k:poo@agenda, mode:FULL, rate:0, size:80
2025-12-03 14:29:36, MOVE, v:1, k:poo@agenda, mode:BACK
2025-12-03 14:30:02, MOVE, v:1, k:poo@agenda, mode:PICK
2025-12-03 14:30:03, EXEC, v:1, k:poo@agenda, mode:FULL, rate:0
2025-12-03 14:47:02, EXEC, v:1, k:poo@agenda, mode:FULL, rate:0, size:102
2025-12-03 14:50:45, EXEC, v:1, k:poo@agenda, mode:FULL, rate:0
2025-12-03 14:50:45, MOVE, v:1, k:poo@agenda, mode:BACK
2025-12-03 14:50:47, MOVE, v:1, k:poo@agenda, mode:PICK
2025-12-03 14:57:07, EXEC, v:1, k:poo@agenda, mode:FULL, rate:0, size:106
2025-12-03 14:57:09, EXEC, v:1, k:poo@agenda, mode:FULL, rate:0
2025-12-03 14:57:10, MOVE, v:1, k:poo@agenda, mode:BACK
2025-12-03 14:57:12, MOVE, v:1, k:poo@agenda, mode:PICK
2025-12-03 15:06:07, EXEC, v:1, k:poo@agenda, mode:FULL, rate:0
2025-12-03 15:06:09, MOVE, v:1, k:poo@agenda, mode:BACK
2025-12-03 15:06:11, MOVE, v:1, k:poo@agenda, mode:PICK
2025-12-03 15:07:51, EXEC, v:1, k:poo@agenda, mode:FULL, rate:0
